<?xml version="1.0" encoding="utf-8"?><testsuites name="pytest tests"><testsuite name="pytest" errors="0" failures="0" skipped="0" tests="124" time="23.896" timestamp="2026-08-24T16:32:20.784839+02:00" hostname="Katana"><testcase classname="tests.formal_math.test_abductive_reasoning_formal" name="test_theorem11_1_mdl_occams_razor_hypothesis_dominance" time="0.001" /><testcase classname="tests.formal_math.test_abductive_reasoning_formal" name="test_invariant11_2_hypothesis_occam_penalty_bounds" time="0.001" /><testcase classname="tests.formal_math.test_abductive_reasoning_formal" name="test_theorem11_3_surprise_threshold_anomaly_classification" time="0.000" /><testcase classname="tests.formal_math.test_abductive_reasoning_formal" name="test_theorem11_4_evidence_concentration_limit" time="0.001" /><testcase classname="tests.formal_math.test_abductive_reasoning_formal" name="test_theorem11_5_empty_pool_fallback_invariant" time="0.000" /><testcase classname="tests.formal_math.test_abductive_reasoning_formal" name="test_theorem11_6_peer_message_trust_monotonicity" time="0.000" /><testcase classname="tests.formal_math.test_abductive_reasoning_formal" name="test_theorem11_7_semantic_consolidation_threshold" time="0.000" /><testcase classname="tests.formal_math.test_alphaevolve_formal" name="test_formal_map_elites_fitness_monotonicity" time="0.002" /><testcase classname="tests.formal_math.test_alphaevolve_formal" name="test_formal_incentive_compatibility_regret_bounds" time="0.001" /><testcase classname="tests.formal_math.test_alphaevolve_formal" name="test_formal_regularized_aging_purging_bounds" time="0.035" /><testcase classname="tests.formal_math.test_alphaevolve_formal" name="test_formal_fec_discrepancy_invariance" time="0.000" /><testcase classname="tests.formal_math.test_alphaevolve_formal" name="test_formal_novelty_distance_positivity" time="0.000" /><testcase classname="tests.formal_math.test_alphaevolve_formal" name="test_formal_fec_pruning_step" time="0.001" /><testcase classname="tests.formal_math.test_alphaevolve_formal" name="test_formal_morphological_reservoir_bounds" time="0.001" /><testcase classname="tests.formal_math.test_alphaevolve_formal" name="test_formal_state_invariant_preservation_and_rule_005" time="0.002" /><testcase classname="tests.formal_math.test_alphaevolve_formal" name="test_formal_multi_generation_fitness_non_regression" time="0.016" /><testcase classname="tests.formal_math.test_alphaevolve_qd_bounds" name="test_formal_map_elites_cell_occupancy_bound" time="0.003" /><testcase classname="tests.formal_math.test_alphaevolve_qd_bounds" name="test_formal_novelty_archive_symmetry_and_positivity" time="0.000" /><testcase classname="tests.formal_math.test_alphaevolve_qd_bounds" name="test_formal_qd_entropy_bounds" time="0.002" /><testcase classname="tests.formal_math.test_bayesian_belief_posteriors" name="test_theorem6_1_crawford_sobel_partition_count[0.01-6]" time="0.001" /><testcase classname="tests.formal_math.test_bayesian_belief_posteriors" name="test_theorem6_1_crawford_sobel_partition_count[0.05-2]" time="0.000" /><testcase classname="tests.formal_math.test_bayesian_belief_posteriors" name="test_theorem6_1_crawford_sobel_partition_count[0.1-1]" time="0.000" /><testcase classname="tests.formal_math.test_bayesian_belief_posteriors" name="test_theorem6_1_crawford_sobel_partition_count[0.25-1]" time="0.000" /><testcase classname="tests.formal_math.test_bayesian_belief_posteriors" name="test_theorem6_1_crawford_sobel_partition_count[0.5-1]" time="0.001" /><testcase classname="tests.formal_math.test_bayesian_belief_posteriors" name="test_theorem6_2_crawford_sobel_variance_monotonicity" time="0.000" /><testcase classname="tests.formal_math.test_bayesian_belief_posteriors" name="test_theorem6_3_kamenica_gentzkow_bayes_plausibility" time="0.000" /><testcase classname="tests.formal_math.test_bayesian_belief_posteriors" name="test_theorem6_3b_concave_closure_upper_bound" time="0.002" /><testcase classname="tests.formal_math.test_bayesian_belief_posteriors" name="test_theorem6_4_bayesian_engine_entropy_reduction" time="0.000" /><testcase classname="tests.formal_math.test_bayesian_belief_posteriors" name="test_theorem6_5_regret_beta_binomial_trust_convergence" time="0.000" /><testcase classname="tests.formal_math.test_bayesian_belief_posteriors" name="test_theorem6_6_subjective_logic_discounting_invariant" time="0.001" /><testcase classname="tests.formal_math.test_bayesian_belief_posteriors" name="test_theorem6_6b_subjective_logic_consensus_operator" time="0.000" /><testcase classname="tests.formal_math.test_bayesian_belief_posteriors" name="test_theorem6_7_acemoglu_asymptotic_learning" time="0.001" /><testcase classname="tests.formal_math.test_bayesian_belief_posteriors" name="test_theorem6_8_acemoglu_additive_decision_decomposition" time="0.000" /><testcase classname="tests.formal_math.test_causal_world_models_formal" name="test_theorem8_1_truncated_factorization_numerical" time="0.000" /><testcase classname="tests.formal_math.test_causal_world_models_formal" name="test_theorem8_2_backdoor_adjustment_formula" time="0.001" /><testcase classname="tests.formal_math.test_causal_world_models_formal" name="test_fixture_power_benchmark_oracle" time="0.012" /><testcase classname="tests.formal_math.test_causal_world_models_formal" name="test_theorem8_3_notears_acyclicity_score_convergence" time="0.544" /><testcase classname="tests.formal_math.test_causal_world_models_formal" name="test_theorem8_8_notears_structure_recovery_pinned_seed" time="0.392" /><testcase classname="tests.formal_math.test_causal_world_models_formal" name="test_theorem8_9_notears_multi_seed_stability" time="8.746" /><testcase classname="tests.formal_math.test_causal_world_models_formal" name="test_theorem8_10_interventional_consistency_learned_scm" time="0.381" /><testcase classname="tests.formal_math.test_causal_world_models_formal" name="test_theorem8_4_counterfactual_twin_network_consistency" time="0.001" /><testcase classname="tests.formal_math.test_causal_world_models_formal" name="test_theorem8_5_relational_scm_agent_boundary_invariant" time="0.000" /><testcase classname="tests.formal_math.test_causal_world_models_formal" name="test_theorem8_6_do_calculus_rule1_soundness" time="0.000" /><testcase classname="tests.formal_math.test_causal_world_models_formal" name="test_theorem8_7_transportability_soundness" time="0.000" /><testcase classname="tests.formal_math.test_chess_beta_meta_learning_formal" name="test_formal_beta_logit_learns_with_positive_covariance" time="0.000" /><testcase classname="tests.formal_math.test_chess_beta_meta_learning_formal" name="test_formal_beta_compensation_closed_form" time="0.001" /><testcase classname="tests.formal_math.test_chess_beta_meta_learning_formal" name="test_formal_beta_staticity_from_zero_covariance" time="0.001" /><testcase classname="tests.formal_math.test_chess_beta_meta_learning_formal" name="test_formal_beta_logit_clamped_within_bounds" time="0.001" /><testcase classname="tests.formal_math.test_chess_domain_formal" name="test_formal_terminal_reward_zero_sum_invariant" time="0.001" /><testcase classname="tests.formal_math.test_chess_domain_formal" name="test_formal_logistic_elo_fit_properties" time="0.000" /><testcase classname="tests.formal_math.test_chess_domain_formal" name="test_formal_bradley_terry_transitivity_and_monotonicity" time="0.001" /><testcase classname="tests.formal_math.test_chess_domain_formal" name="test_formal_tournament_pairing_selection" time="0.000" /><testcase classname="tests.formal_math.test_chess_domain_formal" name="test_formal_state_tensor_invariants" time="0.001" /><testcase classname="tests.formal_math.test_chess_learning_formal" name="test_formal_efe_utility_decomposition_bounds" time="0.001" /><testcase classname="tests.formal_math.test_chess_learning_formal" name="test_formal_softmax_policy_distribution_normalization" time="0.003" /><testcase classname="tests.formal_math.test_chess_learning_formal" name="test_formal_meta_gradient_update_invariants" time="0.481" /><testcase classname="tests.formal_math.test_chess_learning_formal" name="test_formal_adjudication_bare_king_guard" time="0.000" /><testcase classname="tests.formal_math.test_chess_learning_formal" name="test_formal_curriculum_games_never_adjudicated" time="3.106" /><testcase classname="tests.formal_math.test_chess_training_regimen_formal" name="test_gamma_one_recovers_constant_outcome_labels" time="0.001" /><testcase classname="tests.formal_math.test_chess_training_regimen_formal" name="test_gamma_zero_isolates_terminal_label" time="0.001" /><testcase classname="tests.formal_math.test_chess_training_regimen_formal" name="test_discount_is_monotone_in_remaining_plies" time="0.001" /><testcase classname="tests.formal_math.test_chess_training_regimen_formal" name="test_stm_normalization_sign_symmetry" time="0.001" /><testcase classname="tests.formal_math.test_chess_training_regimen_formal" name="test_curriculum_presets_are_legal_white_to_move" time="0.003" /><testcase classname="tests.formal_math.test_chess_training_regimen_formal" name="test_curriculum_presets_mate_in_consistency" time="0.003" /><testcase classname="tests.formal_math.test_chess_training_regimen_formal" name="test_curriculum_presets_verified_by_stockfish" time="0.854" /><testcase classname="tests.formal_math.test_chess_training_regimen_formal" name="test_batched_reinforce_update_is_deterministic" time="0.001" /><testcase classname="tests.formal_math.test_chess_training_regimen_formal" name="test_batched_reinforce_centering_kills_ratchet" time="0.001" /><testcase classname="tests.formal_math.test_chess_training_regimen_formal" name="test_batched_reinforce_covariance_direction" time="0.001" /><testcase classname="tests.formal_math.test_chess_training_regimen_formal" name="test_batched_reinforce_zero_variance_no_update" time="0.001" /><testcase classname="tests.formal_math.test_chess_training_regimen_formal" name="test_batched_reinforce_per_generation_step_is_bounded" time="0.001" /><testcase classname="tests.formal_math.test_chess_training_regimen_formal" name="test_batched_reinforce_feature_normalization_prevents_scale_dominance" time="0.000" /><testcase classname="tests.formal_math.test_chess_training_regimen_formal" name="test_feature_scales_cover_all_tactical_features" time="0.000" /><testcase classname="tests.formal_math.test_chess_training_regimen_formal" name="test_meta_learning_beta_staticity_is_emergent" time="0.000" /><testcase classname="tests.formal_math.test_chess_training_regimen_formal" name="test_meta_learning_beta_responds_to_covariance" time="0.000" /><testcase classname="tests.formal_math.test_chess_training_regimen_formal" name="test_meta_learning_tau_emergent_static" time="0.000" /><testcase classname="tests.formal_math.test_chess_training_regimen_formal" name="test_meta_learning_beta_logit_unbounded_below_and_clamped" time="0.003" /><testcase classname="tests.formal_math.test_counterfactual_mcts_limits" name="test_theorem4_asymptotic_mcts_policy_convergence" time="0.012" /><testcase classname="tests.formal_math.test_counterfactual_mcts_limits" name="test_invariant5_kmp_basis_dimension_approximation_error" time="0.001" /><testcase classname="tests.formal_math.test_efe_variational_bounds" name="test_theorem1_efe_roa_igpv_equivalence" time="0.000" /><testcase classname="tests.formal_math.test_efe_variational_bounds" name="test_theorem2_state_risk_upper_bound" time="0.000" /><testcase classname="tests.formal_math.test_efe_variational_bounds" name="test_invariant3_preference_simplex_linear_compatibility" time="0.000" /><testcase classname="tests.formal_math.test_explicit_planning_formal" name="test_theorem2_1_plan_repair_monotonic_utility_bound" time="0.001" /><testcase classname="tests.formal_math.test_explicit_planning_formal" name="test_invariant2_2_plan_executor_state_isolation" time="0.000" /><testcase classname="tests.formal_math.test_game_theoretic_equilibria" name="test_theorem8_cpr_ostrom_sanctioning_equilibrium" time="0.000" /><testcase classname="tests.formal_math.test_game_theoretic_equilibria" name="test_theorem9_fehr_schmidt_inequity_aversion" time="0.000" /><testcase classname="tests.formal_math.test_hierarchical_world_models_formal" name="test_theorem1_1_conceptual_spaces_metric_distance" time="0.000" /><testcase classname="tests.formal_math.test_hierarchical_world_models_formal" name="test_theorem1_2_tem_factorization_simplex_projection" time="0.000" /><testcase classname="tests.formal_math.test_institution_layer_formal" name="test_theorem5_1_adico_semantic_equivalence_predicate" time="0.000" /><testcase classname="tests.formal_math.test_institution_layer_formal" name="test_theorem5_2_sanction_budget_conservation_invariant" time="0.000" /><testcase classname="tests.formal_math.test_institution_layer_formal" name="test_theorem5_3_deterrence_threshold_payoff_inequality" time="0.000" /><testcase classname="tests.formal_math.test_institution_layer_formal" name="test_theorem5_4_public_goods_simplex_invariant" time="0.000" /><testcase classname="tests.formal_math.test_institution_layer_formal" name="test_theorem5_5_authority_boundary_scoping" time="0.000" /><testcase classname="tests.formal_math.test_mechanism_search_formal" name="test_myerson_revenue_equivalence_invariant" time="0.020" /><testcase classname="tests.formal_math.test_mechanism_search_formal" name="test_vcg_and_clarke_dsic_invariants" time="0.001" /><testcase classname="tests.formal_math.test_mechanism_search_formal" name="test_simplex_projection_budget_conservation" time="0.000" /><testcase classname="tests.formal_math.test_mechanism_search_formal" name="test_bilevel_monotonic_convergence_invariant" time="0.009" /><testcase classname="tests.formal_math.test_memory_architecture_formal" name="test_theorem3_1_kmp_basis_dimension_reconstruction_limit" time="0.000" /><testcase classname="tests.formal_math.test_memory_architecture_formal" name="test_invariant3_2_thalamic_gating_salience_bounds" time="0.000" /><testcase classname="tests.formal_math.test_meta_gradient_stability" name="test_theorem10_laplace_kfac_logdet_curvature_stability" time="0.000" /><testcase classname="tests.formal_math.test_meta_gradient_stability" name="test_invariant11_metapeft_softplus_modulator_gradient_continuity" time="0.000" /><testcase classname="tests.formal_math.test_meta_learning_formal" name="test_theorem7_1_preference_compatibility_simplex" time="0.000" /><testcase classname="tests.formal_math.test_meta_learning_formal" name="test_theorem7_2_projected_meta_update_bounds" time="0.001" /><testcase classname="tests.formal_math.test_meta_learning_formal" name="test_theorem7_3_two_timescale_convergence" time="0.001" /><testcase classname="tests.formal_math.test_meta_learning_formal" name="test_theorem7_4_finite_difference_gradient_agreement" time="0.000" /><testcase classname="tests.formal_math.test_meta_learning_formal" name="test_theorem7_5_dual_persistence_round_trip" time="0.003" /><testcase classname="tests.formal_math.test_natural_language_compression_formal" name="test_formal_kraft_inequality_and_mdl_stochastic_complexity" time="0.004" /><testcase classname="tests.formal_math.test_natural_language_compression_formal" name="test_formal_shannon_rate_distortion_bound" time="0.001" /><testcase classname="tests.formal_math.test_natural_language_compression_formal" name="test_formal_theorem_3_2_token_accuracy_lower_bound" time="0.000" /><testcase classname="tests.formal_math.test_natural_language_compression_formal" name="test_formal_giaquinto_topological_duality_invariance" time="0.001" /><testcase classname="tests.formal_math.test_natural_language_compression_formal" name="test_formal_friston_expected_free_energy_bounds" time="0.000" /><testcase classname="tests.formal_math.test_nlp_generation_formal" name="test_step1_lexicon_mapping_and_composition" time="0.004" /><testcase classname="tests.formal_math.test_nlp_generation_formal" name="test_step2_generative_decoder_priority_waterfall" time="0.001" /><testcase classname="tests.formal_math.test_nlp_generation_formal" name="test_step3_text_belief_updater_sanitizer" time="0.000" /><testcase classname="tests.formal_math.test_nlp_generation_formal" name="test_step4_calibrated_fano_text_router" time="0.000" /><testcase classname="tests.formal_math.test_nlp_generation_formal" name="test_step5_held_out_eval_verification_and_fuzzing" time="8.351" /><testcase classname="tests.formal_math.test_nnue_formal_math" name="test_numerical_accumulator_restoration_invariant" time="0.240" /><testcase classname="tests.formal_math.test_nnue_formal_math" name="test_numerical_hybrid_valuation_math" time="0.001" /><testcase classname="tests.formal_math.test_scientific_discovery_formal" name="test_eig_non_negativity_invariant" time="0.002" /><testcase classname="tests.formal_math.test_scientific_discovery_formal" name="test_asymptotic_bayesian_posterior_convergence_theorem" time="0.000" /><testcase classname="tests.formal_math.test_scientific_discovery_formal" name="test_foster_ace_bound_non_negativity" time="0.000" /><testcase classname="tests.formal_math.test_scientific_discovery_formal" name="test_gottweis_elo_tournament_ranking_convergence" time="0.000" /><testcase classname="tests.formal_math.test_scientific_discovery_formal" name="test_mdl_occam_razor_invariant" time="0.000" /><testcase classname="tests.formal_math.test_scientific_discovery_formal" name="test_rule_005_pure_rationality_pipeline_integration" time="0.004" /><testcase classname="tests.formal_math.test_scientific_discovery_formal" name="test_posterior_entropy_monotone_decrease_over_pipeline_ticks" time="0.015" /></testsuite></testsuites>